<?xml version="1.0" encoding="UTF-8"?>
<testng-results ignored="0" total="1" passed="1" failed="0" skipped="0">
  <reporter-output>
  </reporter-output>
  <suite started-at="2024-12-30T22:29:25 IST" name="Default suite" finished-at="2024-12-30T22:31:59 IST" duration-ms="154281">
    <groups>
    </groups>
    <test started-at="2024-12-30T22:29:25 IST" name="Default test" finished-at="2024-12-30T22:31:59 IST" duration-ms="154281">
      <class name="testpackage.BiotiqueTestClass">
        <test-method is-config="true" signature="setup()[pri:0, instance:testpackage.BiotiqueTestClass@b2c9a9c]" started-at="2024-12-30T22:29:25 IST" name="setup" finished-at="2024-12-30T22:29:34 IST" duration-ms="9876" status="PASS">
          <reporter-output>
          </reporter-output>
        </test-method> <!-- setup -->
        <test-method signature="biotiqueTest()[pri:0, instance:testpackage.BiotiqueTestClass@b2c9a9c]" started-at="2024-12-30T22:29:35 IST" name="biotiqueTest" finished-at="2024-12-30T22:31:59 IST" duration-ms="144253" status="PASS">
          <reporter-output>
          </reporter-output>
        </test-method> <!-- biotiqueTest -->
      </class> <!-- testpackage.BiotiqueTestClass -->
    </test> <!-- Default test -->
  </suite> <!-- Default suite -->
</testng-results>
